Determining if the pthread_create exist failed with the following output:
Change Dir: /home/mynt/MYNT-EYE-D-SDK/cmake-build-debug/CMakeFiles/CMakeTmp

Run Build Command(s):/usr/bin/make cmTC_48b42/fast 
/usr/bin/make -f CMakeFiles/cmTC_48b42.dir/build.make CMakeFiles/cmTC_48b42.dir/build
make[1]: Entering directory '/home/mynt/MYNT-EYE-D-SDK/cmake-build-debug/CMakeFiles/CMakeTmp'
Building C object CMakeFiles/cmTC_48b42.dir/CheckSymbolExists.c.o
/usr/bin/cc    -o CMakeFiles/cmTC_48b42.dir/CheckSymbolExists.c.o   -c /home/mynt/MYNT-EYE-D-SDK/cmake-build-debug/CMakeFiles/CMakeTmp/CheckSymbolExists.c
Linking C executable cmTC_48b42
/home/mynt/tools/clion-2019.1.3/bin/cmake/linux/bin/cmake -E cmake_link_script CMakeFiles/cmTC_48b42.dir/link.txt --verbose=1
/usr/bin/cc      -rdynamic CMakeFiles/cmTC_48b42.dir/CheckSymbolExists.c.o  -o cmTC_48b42 
CMakeFiles/cmTC_48b42.dir/CheckSymbolExists.c.o: In function `main':
CheckSymbolExists.c:(.text+0x16): undefined reference to `pthread_create'
collect2: error: ld returned 1 exit status
CMakeFiles/cmTC_48b42.dir/build.make:86: recipe for target 'cmTC_48b42' failed
make[1]: *** [cmTC_48b42] Error 1
make[1]: Leaving directory '/home/mynt/MYNT-EYE-D-SDK/cmake-build-debug/CMakeFiles/CMakeTmp'
Makefile:121: recipe for target 'cmTC_48b42/fast' failed
make: *** [cmTC_48b42/fast] Error 2

File /home/mynt/MYNT-EYE-D-SDK/cmake-build-debug/CMakeFiles/CMakeTmp/CheckSymbolExists.c:
/* */
#include <pthread.h>

int main(int argc, char** argv)
{
  (void)argv;
#ifndef pthread_create
  return ((int*)(&pthread_create))[argc];
#else
  (void)argc;
  return 0;
#endif
}

Determining if the function pthread_create exists in the pthreads failed with the following output:
Change Dir: /home/mynt/MYNT-EYE-D-SDK/cmake-build-debug/CMakeFiles/CMakeTmp

Run Build Command(s):/usr/bin/make cmTC_e9ba1/fast 
/usr/bin/make -f CMakeFiles/cmTC_e9ba1.dir/build.make CMakeFiles/cmTC_e9ba1.dir/build
make[1]: Entering directory '/home/mynt/MYNT-EYE-D-SDK/cmake-build-debug/CMakeFiles/CMakeTmp'
Building C object CMakeFiles/cmTC_e9ba1.dir/CheckFunctionExists.c.o
/usr/bin/cc   -DCHECK_FUNCTION_EXISTS=pthread_create   -o CMakeFiles/cmTC_e9ba1.dir/CheckFunctionExists.c.o   -c /home/mynt/tools/clion-2019.1.3/bin/cmake/linux/share/cmake-3.14/Modules/CheckFunctionExists.c
Linking C executable cmTC_e9ba1
/home/mynt/tools/clion-2019.1.3/bin/cmake/linux/bin/cmake -E cmake_link_script CMakeFiles/cmTC_e9ba1.dir/link.txt --verbose=1
/usr/bin/cc  -DCHECK_FUNCTION_EXISTS=pthread_create    -rdynamic CMakeFiles/cmTC_e9ba1.dir/CheckFunctionExists.c.o  -o cmTC_e9ba1 -lpthreads 
/usr/bin/ld: cannot find -lpthreads
collect2: error: ld returned 1 exit status
CMakeFiles/cmTC_e9ba1.dir/build.make:86: recipe for target 'cmTC_e9ba1' failed
make[1]: *** [cmTC_e9ba1] Error 1
make[1]: Leaving directory '/home/mynt/MYNT-EYE-D-SDK/cmake-build-debug/CMakeFiles/CMakeTmp'
Makefile:121: recipe for target 'cmTC_e9ba1/fast' failed
make: *** [cmTC_e9ba1/fast] Error 2


